WARNING 2021-09-08 10:33:56,071 Forbidden: /users/
WARNING 2021-09-08 10:33:56,075 Forbidden: /users/
WARNING 2021-09-08 10:33:56,083 Unauthorized: /users/
WARNING 2021-09-08 10:33:56,086 Unauthorized: /users/
WARNING 2021-09-08 10:33:56,099 Forbidden: /users/2/
WARNING 2021-09-08 10:33:56,103 Forbidden: /users/2/
WARNING 2021-09-08 10:33:56,105 Unauthorized: /users/2/
WARNING 2021-09-08 10:33:56,106 Unauthorized: /users/2/
WARNING 2021-09-08 10:33:56,223 Unauthorized: /login/
WARNING 2021-09-08 10:33:56,230 Forbidden: /users/
WARNING 2021-09-08 10:33:56,234 Forbidden: /users/
WARNING 2021-09-08 10:33:56,236 Unauthorized: /users/
WARNING 2021-09-08 10:33:56,246 Unauthorized: /users/
WARNING 2021-09-08 10:33:56,254 Forbidden: /users/2/
WARNING 2021-09-08 10:33:56,257 Forbidden: /users/2/
WARNING 2021-09-08 10:33:56,259 Unauthorized: /users/2/
WARNING 2021-09-08 10:33:56,260 Unauthorized: /users/2/
WARNING 2021-09-08 10:33:56,508 Forbidden: /clients/
WARNING 2021-09-08 10:33:56,516 Forbidden: /clients/
WARNING 2021-09-08 10:33:56,518 Unauthorized: /clients/
WARNING 2021-09-08 10:33:56,523 Bad Request: /clients/
WARNING 2021-09-08 10:33:56,525 Unauthorized: /clients/
WARNING 2021-09-08 10:33:56,540 Unauthorized: /clients/
WARNING 2021-09-08 10:33:56,552 Unauthorized: /clients/
WARNING 2021-09-08 10:33:56,561 Forbidden: /clients/1/
WARNING 2021-09-08 10:33:56,569 Forbidden: /clients/1/
WARNING 2021-09-08 10:33:56,575 Bad Request: /clients/3/change_status/
WARNING 2021-09-08 10:33:56,578 Forbidden: /clients/1/change_status/
WARNING 2021-09-08 10:33:56,582 Forbidden: /clients/1/change_status/
WARNING 2021-09-08 10:33:56,591 Forbidden: /clients/1/change_status/
WARNING 2021-09-08 10:33:56,592 Unauthorized: /clients/1/change_status/
WARNING 2021-09-08 10:33:56,594 Unauthorized: /clients/1/change_status/
WARNING 2021-09-08 10:33:56,596 Unauthorized: /clients/1/
WARNING 2021-09-08 10:33:56,601 Bad Request: /clients/1/
WARNING 2021-09-08 10:33:56,603 Unauthorized: /clients/1/
WARNING 2021-09-08 10:33:56,677 Forbidden: /contracts/
WARNING 2021-09-08 10:33:56,684 Forbidden: /contracts/
WARNING 2021-09-08 10:33:56,686 Unauthorized: /contracts/
WARNING 2021-09-08 10:33:56,688 Unauthorized: /contracts/
WARNING 2021-09-08 10:33:56,712 Unauthorized: /contracts/1/events/
WARNING 2021-09-08 10:33:56,714 Unauthorized: /contracts/1/events/
WARNING 2021-09-08 10:33:56,738 Unauthorized: /contracts/
WARNING 2021-09-08 10:33:56,744 Unauthorized: /contracts/
WARNING 2021-09-08 10:33:56,754 Forbidden: /contracts/1/
WARNING 2021-09-08 10:33:56,763 Forbidden: /contracts/1/
WARNING 2021-09-08 10:33:56,769 Bad Request: /contracts/3/change_status/
WARNING 2021-09-08 10:33:56,772 Forbidden: /contracts/1/change_status/
WARNING 2021-09-08 10:33:56,776 Forbidden: /contracts/1/change_status/
WARNING 2021-09-08 10:33:56,785 Forbidden: /contracts/1/change_status/
WARNING 2021-09-08 10:33:56,787 Unauthorized: /contracts/1/change_status/
WARNING 2021-09-08 10:33:56,789 Unauthorized: /contracts/1/change_status/
WARNING 2021-09-08 10:33:56,791 Unauthorized: /contracts/1/
WARNING 2021-09-08 10:33:56,793 Unauthorized: /contracts/1/
WARNING 2021-09-08 10:33:56,863 Forbidden: /events/
WARNING 2021-09-08 10:33:56,872 Forbidden: /events/
WARNING 2021-09-08 10:33:56,874 Unauthorized: /events/
WARNING 2021-09-08 10:33:56,879 Bad Request: /events/
WARNING 2021-09-08 10:33:56,881 Unauthorized: /events/
WARNING 2021-09-08 10:33:56,922 Unauthorized: /events/
WARNING 2021-09-08 10:33:56,936 Unauthorized: /events/
WARNING 2021-09-08 10:33:56,948 Forbidden: /events/1/
WARNING 2021-09-08 10:33:56,960 Forbidden: /events/1/
WARNING 2021-09-08 10:33:56,970 Unauthorized: /events/1/
WARNING 2021-09-08 10:33:56,975 Bad Request: /events/1/
WARNING 2021-09-08 10:33:56,977 Unauthorized: /events/1/
WARNING 2021-09-08 11:47:07,632 Forbidden: /users/
WARNING 2021-09-08 11:47:07,634 Forbidden: /users/
WARNING 2021-09-08 11:47:07,641 Unauthorized: /users/
WARNING 2021-09-08 11:47:07,643 Unauthorized: /users/
WARNING 2021-09-08 11:47:07,655 Forbidden: /users/2/
WARNING 2021-09-08 11:47:07,658 Forbidden: /users/2/
WARNING 2021-09-08 11:47:07,660 Unauthorized: /users/2/
WARNING 2021-09-08 11:47:07,662 Unauthorized: /users/2/
WARNING 2021-09-08 11:47:07,777 Unauthorized: /login/
WARNING 2021-09-08 11:47:07,784 Forbidden: /users/
WARNING 2021-09-08 11:47:07,786 Forbidden: /users/
WARNING 2021-09-08 11:47:07,788 Unauthorized: /users/
WARNING 2021-09-08 11:47:07,798 Unauthorized: /users/
WARNING 2021-09-08 11:47:07,807 Forbidden: /users/2/
WARNING 2021-09-08 11:47:07,810 Forbidden: /users/2/
WARNING 2021-09-08 11:47:07,811 Unauthorized: /users/2/
WARNING 2021-09-08 11:47:07,813 Unauthorized: /users/2/
WARNING 2021-09-08 11:47:08,054 Forbidden: /clients/
WARNING 2021-09-08 11:47:08,062 Forbidden: /clients/
WARNING 2021-09-08 11:47:08,064 Unauthorized: /clients/
WARNING 2021-09-08 11:47:08,069 Bad Request: /clients/
WARNING 2021-09-08 11:47:08,071 Unauthorized: /clients/
WARNING 2021-09-08 11:47:08,089 Unauthorized: /clients/
WARNING 2021-09-08 11:47:08,098 Unauthorized: /clients/
WARNING 2021-09-08 11:47:08,102 Forbidden: /clients/1/
WARNING 2021-09-08 11:47:08,130 Forbidden: /clients/1/
WARNING 2021-09-08 11:47:08,138 Forbidden: /clients/1/
WARNING 2021-09-08 11:47:08,143 Bad Request: /clients/3/change_status/
WARNING 2021-09-08 11:47:08,146 Forbidden: /clients/1/change_status/
WARNING 2021-09-08 11:47:08,151 Forbidden: /clients/1/change_status/
WARNING 2021-09-08 11:47:08,160 Forbidden: /clients/1/change_status/
WARNING 2021-09-08 11:47:08,162 Unauthorized: /clients/1/change_status/
WARNING 2021-09-08 11:47:08,164 Unauthorized: /clients/1/change_status/
WARNING 2021-09-08 11:47:08,165 Unauthorized: /clients/1/
WARNING 2021-09-08 11:47:08,171 Bad Request: /clients/1/
WARNING 2021-09-08 11:47:08,174 Unauthorized: /clients/1/
WARNING 2021-09-08 11:47:08,179 Forbidden: /clients/1/
WARNING 2021-09-08 11:47:08,250 Forbidden: /contracts/
WARNING 2021-09-08 11:47:08,258 Forbidden: /contracts/
WARNING 2021-09-08 11:47:08,260 Unauthorized: /contracts/
WARNING 2021-09-08 11:47:08,261 Unauthorized: /contracts/
WARNING 2021-09-08 11:47:08,286 Unauthorized: /contracts/1/events/
WARNING 2021-09-08 11:47:08,288 Unauthorized: /contracts/1/events/
WARNING 2021-09-08 11:47:08,294 Unauthorized: /contracts/
WARNING 2021-09-08 11:47:08,319 Unauthorized: /contracts/
WARNING 2021-09-08 11:47:08,328 Forbidden: /contracts/1/
WARNING 2021-09-08 11:47:08,336 Forbidden: /contracts/1/
WARNING 2021-09-08 11:47:08,341 Bad Request: /contracts/3/change_status/
WARNING 2021-09-08 11:47:08,345 Forbidden: /contracts/1/change_status/
WARNING 2021-09-08 11:47:08,350 Forbidden: /contracts/1/change_status/
WARNING 2021-09-08 11:47:08,359 Forbidden: /contracts/1/change_status/
WARNING 2021-09-08 11:47:08,361 Unauthorized: /contracts/1/change_status/
WARNING 2021-09-08 11:47:08,364 Unauthorized: /contracts/1/change_status/
WARNING 2021-09-08 11:47:08,366 Unauthorized: /contracts/1/
WARNING 2021-09-08 11:47:08,368 Unauthorized: /contracts/1/
WARNING 2021-09-08 11:47:08,437 Forbidden: /events/
WARNING 2021-09-08 11:47:08,445 Forbidden: /events/
WARNING 2021-09-08 11:47:08,448 Unauthorized: /events/
WARNING 2021-09-08 11:47:08,453 Bad Request: /events/
WARNING 2021-09-08 11:47:08,455 Unauthorized: /events/
WARNING 2021-09-08 11:47:08,499 Unauthorized: /events/
WARNING 2021-09-08 11:47:08,512 Unauthorized: /events/
WARNING 2021-09-08 11:47:08,521 Forbidden: /events/1/
WARNING 2021-09-08 11:47:08,532 Forbidden: /events/1/
WARNING 2021-09-08 11:47:08,540 Unauthorized: /events/1/
WARNING 2021-09-08 11:47:08,546 Bad Request: /events/1/
WARNING 2021-09-08 11:47:08,548 Unauthorized: /events/1/
WARNING 2021-09-08 11:50:02,220 Unauthorized: /clients/3/
WARNING 2021-09-08 11:50:02,221 "GET /clients/3/ HTTP/1.1" 401 183
WARNING 2021-09-08 11:50:07,008 Forbidden: /clients/3/
WARNING 2021-09-08 11:50:07,008 "GET /clients/3/ HTTP/1.1" 403 62
WARNING 2021-09-08 11:53:37,926 Forbidden: /users/
WARNING 2021-09-08 11:53:37,930 Forbidden: /users/
WARNING 2021-09-08 11:53:37,937 Unauthorized: /users/
WARNING 2021-09-08 11:53:37,939 Unauthorized: /users/
WARNING 2021-09-08 11:53:37,951 Forbidden: /users/2/
WARNING 2021-09-08 11:53:37,955 Forbidden: /users/2/
WARNING 2021-09-08 11:53:37,957 Unauthorized: /users/2/
WARNING 2021-09-08 11:53:37,958 Unauthorized: /users/2/
WARNING 2021-09-08 11:53:38,073 Unauthorized: /login/
WARNING 2021-09-08 11:53:38,080 Forbidden: /users/
WARNING 2021-09-08 11:53:38,083 Forbidden: /users/
WARNING 2021-09-08 11:53:38,085 Unauthorized: /users/
WARNING 2021-09-08 11:53:38,097 Unauthorized: /users/
WARNING 2021-09-08 11:53:38,106 Forbidden: /users/2/
WARNING 2021-09-08 11:53:38,109 Forbidden: /users/2/
WARNING 2021-09-08 11:53:38,111 Unauthorized: /users/2/
WARNING 2021-09-08 11:53:38,113 Unauthorized: /users/2/
WARNING 2021-09-08 11:53:38,363 Forbidden: /clients/
WARNING 2021-09-08 11:53:38,373 Forbidden: /clients/
WARNING 2021-09-08 11:53:38,375 Unauthorized: /clients/
WARNING 2021-09-08 11:53:38,380 Bad Request: /clients/
WARNING 2021-09-08 11:53:38,381 Unauthorized: /clients/
WARNING 2021-09-08 11:53:38,399 Unauthorized: /clients/
WARNING 2021-09-08 11:53:38,408 Unauthorized: /clients/
WARNING 2021-09-08 11:53:38,417 Forbidden: /clients/1/
WARNING 2021-09-08 11:53:38,425 Forbidden: /clients/1/
WARNING 2021-09-08 11:53:38,430 Bad Request: /clients/3/change_status/
WARNING 2021-09-08 11:53:38,434 Forbidden: /clients/1/change_status/
WARNING 2021-09-08 11:53:38,438 Forbidden: /clients/1/change_status/
WARNING 2021-09-08 11:53:38,447 Forbidden: /clients/1/change_status/
WARNING 2021-09-08 11:53:38,449 Unauthorized: /clients/1/change_status/
WARNING 2021-09-08 11:53:38,450 Unauthorized: /clients/1/change_status/
WARNING 2021-09-08 11:53:38,452 Unauthorized: /clients/1/
WARNING 2021-09-08 11:53:38,458 Bad Request: /clients/1/
WARNING 2021-09-08 11:53:38,460 Unauthorized: /clients/1/
WARNING 2021-09-08 11:53:38,533 Forbidden: /contracts/
WARNING 2021-09-08 11:53:38,541 Forbidden: /contracts/
WARNING 2021-09-08 11:53:38,542 Unauthorized: /contracts/
WARNING 2021-09-08 11:53:38,544 Unauthorized: /contracts/
WARNING 2021-09-08 11:53:38,572 Unauthorized: /contracts/1/events/
WARNING 2021-09-08 11:53:38,574 Unauthorized: /contracts/1/events/
WARNING 2021-09-08 11:53:38,601 Unauthorized: /contracts/
WARNING 2021-09-08 11:53:38,608 Unauthorized: /contracts/
WARNING 2021-09-08 11:53:38,619 Forbidden: /contracts/1/
WARNING 2021-09-08 11:53:38,627 Forbidden: /contracts/1/
WARNING 2021-09-08 11:53:38,632 Bad Request: /contracts/3/change_status/
WARNING 2021-09-08 11:53:38,635 Forbidden: /contracts/1/change_status/
WARNING 2021-09-08 11:53:38,639 Forbidden: /contracts/1/change_status/
WARNING 2021-09-08 11:53:38,649 Forbidden: /contracts/1/change_status/
WARNING 2021-09-08 11:53:38,651 Unauthorized: /contracts/1/change_status/
WARNING 2021-09-08 11:53:38,653 Unauthorized: /contracts/1/change_status/
WARNING 2021-09-08 11:53:38,655 Unauthorized: /contracts/1/
WARNING 2021-09-08 11:53:38,657 Unauthorized: /contracts/1/
WARNING 2021-09-08 11:53:38,725 Forbidden: /events/
WARNING 2021-09-08 11:53:38,734 Forbidden: /events/
WARNING 2021-09-08 11:53:38,735 Unauthorized: /events/
WARNING 2021-09-08 11:53:38,741 Bad Request: /events/
WARNING 2021-09-08 11:53:38,742 Unauthorized: /events/
WARNING 2021-09-08 11:53:38,785 Unauthorized: /events/
WARNING 2021-09-08 11:53:38,796 Unauthorized: /events/
WARNING 2021-09-08 11:53:38,807 Forbidden: /events/1/
WARNING 2021-09-08 11:53:38,819 Forbidden: /events/1/
WARNING 2021-09-08 11:53:38,827 Unauthorized: /events/1/
WARNING 2021-09-08 11:53:38,833 Bad Request: /events/1/
WARNING 2021-09-08 11:53:38,835 Unauthorized: /events/1/
WARNING 2021-09-08 12:46:17,987 Forbidden: /users/
WARNING 2021-09-08 12:46:17,990 Forbidden: /users/
WARNING 2021-09-08 12:46:17,997 Unauthorized: /users/
WARNING 2021-09-08 12:46:17,999 Unauthorized: /users/
WARNING 2021-09-08 12:46:18,010 Forbidden: /users/2/
WARNING 2021-09-08 12:46:18,013 Forbidden: /users/2/
WARNING 2021-09-08 12:46:18,015 Unauthorized: /users/2/
WARNING 2021-09-08 12:46:18,017 Unauthorized: /users/2/
WARNING 2021-09-08 12:46:18,132 Unauthorized: /login/
WARNING 2021-09-08 12:46:18,139 Forbidden: /users/
WARNING 2021-09-08 12:46:18,142 Forbidden: /users/
WARNING 2021-09-08 12:46:18,143 Unauthorized: /users/
WARNING 2021-09-08 12:46:18,157 Unauthorized: /users/
WARNING 2021-09-08 12:46:18,166 Forbidden: /users/2/
WARNING 2021-09-08 12:46:18,169 Forbidden: /users/2/
WARNING 2021-09-08 12:46:18,170 Unauthorized: /users/2/
WARNING 2021-09-08 12:46:18,172 Unauthorized: /users/2/
WARNING 2021-09-08 12:46:18,428 Forbidden: /clients/
WARNING 2021-09-08 12:46:18,437 Forbidden: /clients/
WARNING 2021-09-08 12:46:18,439 Unauthorized: /clients/
WARNING 2021-09-08 12:46:18,445 Bad Request: /clients/
WARNING 2021-09-08 12:46:18,447 Unauthorized: /clients/
WARNING 2021-09-08 12:46:18,465 Unauthorized: /clients/
WARNING 2021-09-08 12:46:18,474 Unauthorized: /clients/
WARNING 2021-09-08 12:46:18,483 Forbidden: /clients/1/
WARNING 2021-09-08 12:46:18,491 Forbidden: /clients/1/
WARNING 2021-09-08 12:46:18,496 Bad Request: /clients/3/change_status/
WARNING 2021-09-08 12:46:18,500 Forbidden: /clients/1/change_status/
WARNING 2021-09-08 12:46:18,504 Forbidden: /clients/1/change_status/
WARNING 2021-09-08 12:46:18,513 Forbidden: /clients/1/change_status/
WARNING 2021-09-08 12:46:18,514 Unauthorized: /clients/1/change_status/
WARNING 2021-09-08 12:46:18,516 Unauthorized: /clients/1/change_status/
WARNING 2021-09-08 12:46:18,518 Unauthorized: /clients/1/
WARNING 2021-09-08 12:46:18,523 Bad Request: /clients/1/
WARNING 2021-09-08 12:46:18,525 Unauthorized: /clients/1/
WARNING 2021-09-08 12:46:18,597 Forbidden: /contracts/
WARNING 2021-09-08 12:46:18,604 Forbidden: /contracts/
WARNING 2021-09-08 12:46:18,606 Unauthorized: /contracts/
WARNING 2021-09-08 12:46:18,608 Unauthorized: /contracts/
WARNING 2021-09-08 12:46:18,634 Unauthorized: /contracts/1/events/
WARNING 2021-09-08 12:46:18,635 Unauthorized: /contracts/1/events/
WARNING 2021-09-08 12:46:18,662 Unauthorized: /contracts/
WARNING 2021-09-08 12:46:18,670 Unauthorized: /contracts/
WARNING 2021-09-08 12:46:18,680 Forbidden: /contracts/1/
WARNING 2021-09-08 12:46:18,689 Forbidden: /contracts/1/
WARNING 2021-09-08 12:46:18,694 Bad Request: /contracts/3/change_status/
WARNING 2021-09-08 12:46:18,697 Forbidden: /contracts/1/change_status/
WARNING 2021-09-08 12:46:18,701 Forbidden: /contracts/1/change_status/
WARNING 2021-09-08 12:46:18,711 Forbidden: /contracts/1/change_status/
WARNING 2021-09-08 12:46:18,713 Unauthorized: /contracts/1/change_status/
WARNING 2021-09-08 12:46:18,715 Unauthorized: /contracts/1/change_status/
WARNING 2021-09-08 12:46:18,716 Unauthorized: /contracts/1/
WARNING 2021-09-08 12:46:18,718 Unauthorized: /contracts/1/
WARNING 2021-09-08 12:46:18,791 Forbidden: /events/
WARNING 2021-09-08 12:46:18,800 Forbidden: /events/
WARNING 2021-09-08 12:46:18,802 Unauthorized: /events/
WARNING 2021-09-08 12:46:18,807 Bad Request: /events/
WARNING 2021-09-08 12:46:18,809 Unauthorized: /events/
WARNING 2021-09-08 12:46:18,851 Unauthorized: /events/
WARNING 2021-09-08 12:46:18,863 Unauthorized: /events/
WARNING 2021-09-08 12:46:18,873 Forbidden: /events/1/
WARNING 2021-09-08 12:46:18,884 Forbidden: /events/1/
WARNING 2021-09-08 12:46:18,892 Unauthorized: /events/1/
WARNING 2021-09-08 12:46:18,899 Bad Request: /events/1/
WARNING 2021-09-08 12:46:18,901 Unauthorized: /events/1/
WARNING 2021-09-08 12:51:12,799 Forbidden: /users/
WARNING 2021-09-08 12:51:12,802 Forbidden: /users/
WARNING 2021-09-08 12:51:12,808 Unauthorized: /users/
WARNING 2021-09-08 12:51:12,810 Unauthorized: /users/
WARNING 2021-09-08 12:51:12,823 Forbidden: /users/2/
WARNING 2021-09-08 12:51:12,826 Forbidden: /users/2/
WARNING 2021-09-08 12:51:12,828 Unauthorized: /users/2/
WARNING 2021-09-08 12:51:12,829 Unauthorized: /users/2/
WARNING 2021-09-08 12:51:12,943 Unauthorized: /login/
WARNING 2021-09-08 12:51:12,951 Forbidden: /users/
WARNING 2021-09-08 12:51:12,954 Forbidden: /users/
WARNING 2021-09-08 12:51:12,956 Unauthorized: /users/
WARNING 2021-09-08 12:51:12,966 Unauthorized: /users/
WARNING 2021-09-08 12:51:12,975 Forbidden: /users/2/
WARNING 2021-09-08 12:51:12,978 Forbidden: /users/2/
WARNING 2021-09-08 12:51:12,979 Unauthorized: /users/2/
WARNING 2021-09-08 12:51:12,981 Unauthorized: /users/2/
WARNING 2021-09-08 12:51:13,234 Forbidden: /clients/
WARNING 2021-09-08 12:51:13,242 Forbidden: /clients/
WARNING 2021-09-08 12:51:13,244 Unauthorized: /clients/
WARNING 2021-09-08 12:51:13,249 Bad Request: /clients/
WARNING 2021-09-08 12:51:13,251 Unauthorized: /clients/
WARNING 2021-09-08 12:51:13,268 Unauthorized: /clients/
WARNING 2021-09-08 12:51:13,277 Unauthorized: /clients/
WARNING 2021-09-08 12:51:13,285 Forbidden: /clients/1/
WARNING 2021-09-08 12:51:13,295 Forbidden: /clients/1/
WARNING 2021-09-08 12:51:13,299 Bad Request: /clients/3/change_status/
WARNING 2021-09-08 12:51:13,302 Forbidden: /clients/1/change_status/
WARNING 2021-09-08 12:51:13,305 Forbidden: /clients/1/change_status/
WARNING 2021-09-08 12:51:13,314 Forbidden: /clients/1/change_status/
WARNING 2021-09-08 12:51:13,317 Unauthorized: /clients/1/change_status/
WARNING 2021-09-08 12:51:13,319 Unauthorized: /clients/1/change_status/
WARNING 2021-09-08 12:51:13,320 Unauthorized: /clients/1/
WARNING 2021-09-08 12:51:13,326 Bad Request: /clients/1/
WARNING 2021-09-08 12:51:13,328 Unauthorized: /clients/1/
WARNING 2021-09-08 12:51:13,400 Forbidden: /contracts/
WARNING 2021-09-08 12:51:13,408 Forbidden: /contracts/
WARNING 2021-09-08 12:51:13,410 Unauthorized: /contracts/
WARNING 2021-09-08 12:51:13,413 Unauthorized: /contracts/
WARNING 2021-09-08 12:51:13,423 Forbidden: /contracts/
WARNING 2021-09-08 12:51:13,437 Unauthorized: /contracts/1/events/
WARNING 2021-09-08 12:51:13,439 Unauthorized: /contracts/1/events/
WARNING 2021-09-08 12:51:13,466 Unauthorized: /contracts/
WARNING 2021-09-08 12:51:13,472 Unauthorized: /contracts/
WARNING 2021-09-08 12:51:13,483 Forbidden: /contracts/1/
WARNING 2021-09-08 12:51:13,491 Forbidden: /contracts/1/
WARNING 2021-09-08 12:51:13,496 Bad Request: /contracts/3/change_status/
WARNING 2021-09-08 12:51:13,499 Forbidden: /contracts/1/change_status/
WARNING 2021-09-08 12:51:13,504 Forbidden: /contracts/1/change_status/
WARNING 2021-09-08 12:51:13,514 Forbidden: /contracts/1/change_status/
WARNING 2021-09-08 12:51:13,516 Unauthorized: /contracts/1/change_status/
WARNING 2021-09-08 12:51:13,517 Unauthorized: /contracts/1/change_status/
WARNING 2021-09-08 12:51:13,519 Unauthorized: /contracts/1/
WARNING 2021-09-08 12:51:13,520 Unauthorized: /contracts/1/
WARNING 2021-09-08 12:51:13,588 Forbidden: /events/
WARNING 2021-09-08 12:51:13,598 Forbidden: /events/
WARNING 2021-09-08 12:51:13,600 Unauthorized: /events/
WARNING 2021-09-08 12:51:13,606 Bad Request: /events/
WARNING 2021-09-08 12:51:13,608 Unauthorized: /events/
WARNING 2021-09-08 12:51:13,648 Unauthorized: /events/
WARNING 2021-09-08 12:51:13,660 Unauthorized: /events/
WARNING 2021-09-08 12:51:13,670 Forbidden: /events/1/
WARNING 2021-09-08 12:51:13,681 Forbidden: /events/1/
WARNING 2021-09-08 12:51:13,689 Unauthorized: /events/1/
WARNING 2021-09-08 12:51:13,695 Bad Request: /events/1/
WARNING 2021-09-08 12:51:13,697 Unauthorized: /events/1/
WARNING 2021-09-08 12:52:37,947 Forbidden: /contracts/
WARNING 2021-09-08 12:52:37,947 "GET /contracts/ HTTP/1.1" 403 83
WARNING 2021-09-08 12:55:34,636 Forbidden: /users/
WARNING 2021-09-08 12:55:34,639 Forbidden: /users/
WARNING 2021-09-08 12:55:34,646 Unauthorized: /users/
WARNING 2021-09-08 12:55:34,647 Unauthorized: /users/
WARNING 2021-09-08 12:55:34,660 Forbidden: /users/2/
WARNING 2021-09-08 12:55:34,663 Forbidden: /users/2/
WARNING 2021-09-08 12:55:34,665 Unauthorized: /users/2/
WARNING 2021-09-08 12:55:34,666 Unauthorized: /users/2/
WARNING 2021-09-08 12:55:34,784 Unauthorized: /login/
WARNING 2021-09-08 12:55:34,793 Forbidden: /users/
WARNING 2021-09-08 12:55:34,796 Forbidden: /users/
WARNING 2021-09-08 12:55:34,798 Unauthorized: /users/
WARNING 2021-09-08 12:55:34,809 Unauthorized: /users/
WARNING 2021-09-08 12:55:34,817 Forbidden: /users/2/
WARNING 2021-09-08 12:55:34,821 Forbidden: /users/2/
WARNING 2021-09-08 12:55:34,823 Unauthorized: /users/2/
WARNING 2021-09-08 12:55:34,825 Unauthorized: /users/2/
WARNING 2021-09-08 12:55:35,068 Forbidden: /clients/
WARNING 2021-09-08 12:55:35,077 Forbidden: /clients/
WARNING 2021-09-08 12:55:35,078 Unauthorized: /clients/
WARNING 2021-09-08 12:55:35,083 Bad Request: /clients/
WARNING 2021-09-08 12:55:35,085 Unauthorized: /clients/
WARNING 2021-09-08 12:55:35,103 Unauthorized: /clients/
WARNING 2021-09-08 12:55:35,112 Unauthorized: /clients/
WARNING 2021-09-08 12:55:35,121 Forbidden: /clients/1/
WARNING 2021-09-08 12:55:35,129 Forbidden: /clients/1/
WARNING 2021-09-08 12:55:35,133 Bad Request: /clients/3/change_status/
WARNING 2021-09-08 12:55:35,138 Forbidden: /clients/1/change_status/
WARNING 2021-09-08 12:55:35,142 Forbidden: /clients/1/change_status/
WARNING 2021-09-08 12:55:35,152 Forbidden: /clients/1/change_status/
WARNING 2021-09-08 12:55:35,154 Unauthorized: /clients/1/change_status/
WARNING 2021-09-08 12:55:35,156 Unauthorized: /clients/1/change_status/
WARNING 2021-09-08 12:55:35,158 Unauthorized: /clients/1/
WARNING 2021-09-08 12:55:35,164 Bad Request: /clients/1/
WARNING 2021-09-08 12:55:35,166 Unauthorized: /clients/1/
WARNING 2021-09-08 12:55:35,239 Forbidden: /contracts/
WARNING 2021-09-08 12:55:35,248 Forbidden: /contracts/
WARNING 2021-09-08 12:55:35,249 Unauthorized: /contracts/
WARNING 2021-09-08 12:55:35,251 Unauthorized: /contracts/
WARNING 2021-09-08 12:55:35,263 Forbidden: /contracts/
WARNING 2021-09-08 12:55:35,280 Unauthorized: /contracts/1/events/
WARNING 2021-09-08 12:55:35,282 Unauthorized: /contracts/1/events/
WARNING 2021-09-08 12:55:35,309 Unauthorized: /contracts/
WARNING 2021-09-08 12:55:35,316 Unauthorized: /contracts/
WARNING 2021-09-08 12:55:35,327 Forbidden: /contracts/1/
WARNING 2021-09-08 12:55:35,336 Forbidden: /contracts/1/
WARNING 2021-09-08 12:55:35,342 Bad Request: /contracts/3/change_status/
WARNING 2021-09-08 12:55:35,345 Forbidden: /contracts/1/change_status/
WARNING 2021-09-08 12:55:35,349 Forbidden: /contracts/1/change_status/
WARNING 2021-09-08 12:55:35,358 Forbidden: /contracts/1/change_status/
WARNING 2021-09-08 12:55:35,359 Unauthorized: /contracts/1/change_status/
WARNING 2021-09-08 12:55:35,361 Unauthorized: /contracts/1/change_status/
WARNING 2021-09-08 12:55:35,363 Unauthorized: /contracts/1/
WARNING 2021-09-08 12:55:35,364 Unauthorized: /contracts/1/
WARNING 2021-09-08 12:55:35,431 Forbidden: /events/
WARNING 2021-09-08 12:55:35,440 Forbidden: /events/
WARNING 2021-09-08 12:55:35,441 Unauthorized: /events/
WARNING 2021-09-08 12:55:35,446 Bad Request: /events/
WARNING 2021-09-08 12:55:35,448 Unauthorized: /events/
WARNING 2021-09-08 12:55:35,490 Unauthorized: /events/
WARNING 2021-09-08 12:55:35,502 Unauthorized: /events/
WARNING 2021-09-08 12:55:35,513 Forbidden: /events/1/
WARNING 2021-09-08 12:55:35,524 Forbidden: /events/1/
WARNING 2021-09-08 12:55:35,532 Unauthorized: /events/1/
WARNING 2021-09-08 12:55:35,537 Bad Request: /events/1/
WARNING 2021-09-08 12:55:35,539 Unauthorized: /events/1/
WARNING 2021-09-08 12:55:48,347 Forbidden: /users/
WARNING 2021-09-08 12:55:48,351 Forbidden: /users/
WARNING 2021-09-08 12:55:48,358 Unauthorized: /users/
WARNING 2021-09-08 12:55:48,360 Unauthorized: /users/
WARNING 2021-09-08 12:55:48,373 Forbidden: /users/2/
WARNING 2021-09-08 12:55:48,376 Forbidden: /users/2/
WARNING 2021-09-08 12:55:48,378 Unauthorized: /users/2/
WARNING 2021-09-08 12:55:48,380 Unauthorized: /users/2/
WARNING 2021-09-08 12:55:48,495 Unauthorized: /login/
WARNING 2021-09-08 12:55:48,502 Forbidden: /users/
WARNING 2021-09-08 12:55:48,506 Forbidden: /users/
WARNING 2021-09-08 12:55:48,508 Unauthorized: /users/
WARNING 2021-09-08 12:55:48,518 Unauthorized: /users/
WARNING 2021-09-08 12:55:48,526 Forbidden: /users/2/
WARNING 2021-09-08 12:55:48,529 Forbidden: /users/2/
WARNING 2021-09-08 12:55:48,530 Unauthorized: /users/2/
WARNING 2021-09-08 12:55:48,532 Unauthorized: /users/2/
WARNING 2021-09-08 12:55:48,773 Forbidden: /clients/
WARNING 2021-09-08 12:55:48,782 Forbidden: /clients/
WARNING 2021-09-08 12:55:48,783 Unauthorized: /clients/
WARNING 2021-09-08 12:55:48,789 Bad Request: /clients/
WARNING 2021-09-08 12:55:48,792 Unauthorized: /clients/
WARNING 2021-09-08 12:55:48,809 Unauthorized: /clients/
WARNING 2021-09-08 12:55:48,817 Unauthorized: /clients/
WARNING 2021-09-08 12:55:48,826 Forbidden: /clients/1/
WARNING 2021-09-08 12:55:48,834 Forbidden: /clients/1/
WARNING 2021-09-08 12:55:48,839 Bad Request: /clients/3/change_status/
WARNING 2021-09-08 12:55:48,843 Forbidden: /clients/1/change_status/
WARNING 2021-09-08 12:55:48,847 Forbidden: /clients/1/change_status/
WARNING 2021-09-08 12:55:48,857 Forbidden: /clients/1/change_status/
WARNING 2021-09-08 12:55:48,858 Unauthorized: /clients/1/change_status/
WARNING 2021-09-08 12:55:48,860 Unauthorized: /clients/1/change_status/
WARNING 2021-09-08 12:55:48,862 Unauthorized: /clients/1/
WARNING 2021-09-08 12:55:48,867 Bad Request: /clients/1/
WARNING 2021-09-08 12:55:48,869 Unauthorized: /clients/1/
WARNING 2021-09-08 12:55:48,941 Forbidden: /contracts/
WARNING 2021-09-08 12:55:48,948 Forbidden: /contracts/
WARNING 2021-09-08 12:55:48,950 Unauthorized: /contracts/
WARNING 2021-09-08 12:55:48,952 Unauthorized: /contracts/
WARNING 2021-09-08 12:55:48,978 Unauthorized: /contracts/1/events/
WARNING 2021-09-08 12:55:48,980 Unauthorized: /contracts/1/events/
WARNING 2021-09-08 12:55:49,006 Unauthorized: /contracts/
WARNING 2021-09-08 12:55:49,013 Unauthorized: /contracts/
WARNING 2021-09-08 12:55:49,023 Forbidden: /contracts/1/
WARNING 2021-09-08 12:55:49,032 Forbidden: /contracts/1/
WARNING 2021-09-08 12:55:49,038 Bad Request: /contracts/3/change_status/
WARNING 2021-09-08 12:55:49,042 Forbidden: /contracts/1/change_status/
WARNING 2021-09-08 12:55:49,046 Forbidden: /contracts/1/change_status/
WARNING 2021-09-08 12:55:49,056 Forbidden: /contracts/1/change_status/
WARNING 2021-09-08 12:55:49,058 Unauthorized: /contracts/1/change_status/
WARNING 2021-09-08 12:55:49,060 Unauthorized: /contracts/1/change_status/
WARNING 2021-09-08 12:55:49,061 Unauthorized: /contracts/1/
WARNING 2021-09-08 12:55:49,063 Unauthorized: /contracts/1/
WARNING 2021-09-08 12:55:49,134 Forbidden: /events/
WARNING 2021-09-08 12:55:49,143 Forbidden: /events/
WARNING 2021-09-08 12:55:49,145 Unauthorized: /events/
WARNING 2021-09-08 12:55:49,150 Bad Request: /events/
WARNING 2021-09-08 12:55:49,152 Unauthorized: /events/
WARNING 2021-09-08 12:55:49,196 Unauthorized: /events/
WARNING 2021-09-08 12:55:49,208 Unauthorized: /events/
WARNING 2021-09-08 12:55:49,219 Forbidden: /events/1/
WARNING 2021-09-08 12:55:49,229 Forbidden: /events/1/
WARNING 2021-09-08 12:55:49,237 Unauthorized: /events/1/
WARNING 2021-09-08 12:55:49,243 Bad Request: /events/1/
WARNING 2021-09-08 12:55:49,245 Unauthorized: /events/1/
WARNING 2021-09-08 13:57:46,715 Forbidden: /users/
WARNING 2021-09-08 13:57:46,718 Forbidden: /users/
WARNING 2021-09-08 13:57:46,814 Unauthorized: /users/
WARNING 2021-09-08 13:57:46,817 Unauthorized: /users/
WARNING 2021-09-08 13:57:46,833 Forbidden: /users/2/
WARNING 2021-09-08 13:57:46,838 Forbidden: /users/2/
WARNING 2021-09-08 13:57:46,841 Unauthorized: /users/2/
WARNING 2021-09-08 13:57:46,844 Unauthorized: /users/2/
WARNING 2021-09-08 13:57:46,994 Unauthorized: /login/
WARNING 2021-09-08 13:57:47,002 Forbidden: /users/
WARNING 2021-09-08 13:57:47,005 Forbidden: /users/
WARNING 2021-09-08 13:57:47,007 Unauthorized: /users/
WARNING 2021-09-08 13:57:47,023 Unauthorized: /users/
WARNING 2021-09-08 13:57:47,035 Forbidden: /users/2/
WARNING 2021-09-08 13:57:47,039 Forbidden: /users/2/
WARNING 2021-09-08 13:57:47,041 Unauthorized: /users/2/
WARNING 2021-09-08 13:57:47,043 Unauthorized: /users/2/
WARNING 2021-09-08 13:57:47,320 Forbidden: /clients/
WARNING 2021-09-08 13:57:47,330 Forbidden: /clients/
WARNING 2021-09-08 13:57:47,332 Unauthorized: /clients/
WARNING 2021-09-08 13:57:47,339 Bad Request: /clients/
WARNING 2021-09-08 13:57:47,342 Unauthorized: /clients/
WARNING 2021-09-08 13:57:47,360 Unauthorized: /clients/
WARNING 2021-09-08 13:57:47,371 Unauthorized: /clients/
WARNING 2021-09-08 13:57:47,383 Forbidden: /clients/1/
WARNING 2021-09-08 13:57:47,394 Forbidden: /clients/1/
WARNING 2021-09-08 13:57:47,401 Bad Request: /clients/3/change_status/
WARNING 2021-09-08 13:57:47,404 Forbidden: /clients/1/change_status/
WARNING 2021-09-08 13:57:47,409 Forbidden: /clients/1/change_status/
WARNING 2021-09-08 13:57:47,420 Forbidden: /clients/1/change_status/
WARNING 2021-09-08 13:57:47,422 Unauthorized: /clients/1/change_status/
WARNING 2021-09-08 13:57:47,424 Unauthorized: /clients/1/change_status/
WARNING 2021-09-08 13:57:47,426 Unauthorized: /clients/1/
WARNING 2021-09-08 13:57:47,433 Bad Request: /clients/1/
WARNING 2021-09-08 13:57:47,435 Unauthorized: /clients/1/
WARNING 2021-09-08 13:57:47,519 Forbidden: /contracts/
WARNING 2021-09-08 13:57:47,526 Forbidden: /contracts/
WARNING 2021-09-08 13:57:47,529 Unauthorized: /contracts/
WARNING 2021-09-08 13:57:47,530 Unauthorized: /contracts/
WARNING 2021-09-08 13:57:47,562 Unauthorized: /contracts/1/events/
WARNING 2021-09-08 13:57:47,564 Unauthorized: /contracts/1/events/
WARNING 2021-09-08 13:57:47,594 Unauthorized: /contracts/
WARNING 2021-09-08 13:57:47,602 Unauthorized: /contracts/
WARNING 2021-09-08 13:57:47,612 Forbidden: /contracts/1/
WARNING 2021-09-08 13:57:47,622 Forbidden: /contracts/1/
WARNING 2021-09-08 13:57:47,630 Bad Request: /contracts/3/change_status/
WARNING 2021-09-08 13:57:47,633 Forbidden: /contracts/1/change_status/
WARNING 2021-09-08 13:57:47,638 Forbidden: /contracts/1/change_status/
WARNING 2021-09-08 13:57:47,649 Forbidden: /contracts/1/change_status/
WARNING 2021-09-08 13:57:47,652 Unauthorized: /contracts/1/change_status/
WARNING 2021-09-08 13:57:47,654 Unauthorized: /contracts/1/change_status/
WARNING 2021-09-08 13:57:47,656 Unauthorized: /contracts/1/
WARNING 2021-09-08 13:57:47,658 Unauthorized: /contracts/1/
WARNING 2021-09-08 13:57:47,736 Forbidden: /events/
WARNING 2021-09-08 13:57:47,749 Forbidden: /events/
WARNING 2021-09-08 13:57:47,752 Unauthorized: /events/
WARNING 2021-09-08 13:57:47,759 Bad Request: /events/
WARNING 2021-09-08 13:57:47,761 Unauthorized: /events/
WARNING 2021-09-08 13:57:47,810 Unauthorized: /events/
WARNING 2021-09-08 13:57:47,825 Unauthorized: /events/
WARNING 2021-09-08 13:57:47,837 Forbidden: /events/1/
WARNING 2021-09-08 13:57:47,851 Forbidden: /events/1/
WARNING 2021-09-08 13:57:47,854 Forbidden: /events/1/
WARNING 2021-09-08 13:57:47,866 Unauthorized: /events/1/
WARNING 2021-09-08 13:57:47,873 Bad Request: /events/1/
WARNING 2021-09-08 13:57:47,876 Unauthorized: /events/1/
WARNING 2021-09-08 13:58:16,800 Forbidden: /users/
WARNING 2021-09-08 13:58:16,804 Forbidden: /users/
WARNING 2021-09-08 13:58:16,814 Unauthorized: /users/
WARNING 2021-09-08 13:58:16,816 Unauthorized: /users/
WARNING 2021-09-08 13:58:16,832 Forbidden: /users/2/
WARNING 2021-09-08 13:58:16,835 Forbidden: /users/2/
WARNING 2021-09-08 13:58:16,838 Unauthorized: /users/2/
WARNING 2021-09-08 13:58:16,840 Unauthorized: /users/2/
WARNING 2021-09-08 13:58:16,980 Unauthorized: /login/
WARNING 2021-09-08 13:58:16,991 Forbidden: /users/
WARNING 2021-09-08 13:58:16,994 Forbidden: /users/
WARNING 2021-09-08 13:58:16,997 Unauthorized: /users/
WARNING 2021-09-08 13:58:17,011 Unauthorized: /users/
WARNING 2021-09-08 13:58:17,022 Forbidden: /users/2/
WARNING 2021-09-08 13:58:17,026 Forbidden: /users/2/
WARNING 2021-09-08 13:58:17,028 Unauthorized: /users/2/
WARNING 2021-09-08 13:58:17,030 Unauthorized: /users/2/
WARNING 2021-09-08 13:58:17,338 Forbidden: /clients/
WARNING 2021-09-08 13:58:17,349 Forbidden: /clients/
WARNING 2021-09-08 13:58:17,351 Unauthorized: /clients/
WARNING 2021-09-08 13:58:17,358 Bad Request: /clients/
WARNING 2021-09-08 13:58:17,360 Unauthorized: /clients/
WARNING 2021-09-08 13:58:17,381 Unauthorized: /clients/
WARNING 2021-09-08 13:58:17,396 Unauthorized: /clients/
WARNING 2021-09-08 13:58:17,409 Forbidden: /clients/1/
WARNING 2021-09-08 13:58:17,421 Forbidden: /clients/1/
WARNING 2021-09-08 13:58:17,426 Bad Request: /clients/3/change_status/
WARNING 2021-09-08 13:58:17,430 Forbidden: /clients/1/change_status/
WARNING 2021-09-08 13:58:17,434 Forbidden: /clients/1/change_status/
WARNING 2021-09-08 13:58:17,445 Forbidden: /clients/1/change_status/
WARNING 2021-09-08 13:58:17,447 Unauthorized: /clients/1/change_status/
WARNING 2021-09-08 13:58:17,449 Unauthorized: /clients/1/change_status/
WARNING 2021-09-08 13:58:17,451 Unauthorized: /clients/1/
WARNING 2021-09-08 13:58:17,459 Bad Request: /clients/1/
WARNING 2021-09-08 13:58:17,461 Unauthorized: /clients/1/
WARNING 2021-09-08 13:58:17,543 Forbidden: /contracts/
WARNING 2021-09-08 13:58:17,552 Forbidden: /contracts/
WARNING 2021-09-08 13:58:17,555 Unauthorized: /contracts/
WARNING 2021-09-08 13:58:17,557 Unauthorized: /contracts/
WARNING 2021-09-08 13:58:17,588 Unauthorized: /contracts/1/events/
WARNING 2021-09-08 13:58:17,590 Unauthorized: /contracts/1/events/
WARNING 2021-09-08 13:58:17,619 Unauthorized: /contracts/
WARNING 2021-09-08 13:58:17,626 Unauthorized: /contracts/
WARNING 2021-09-08 13:58:17,639 Forbidden: /contracts/1/
WARNING 2021-09-08 13:58:17,648 Forbidden: /contracts/1/
WARNING 2021-09-08 13:58:17,654 Bad Request: /contracts/3/change_status/
WARNING 2021-09-08 13:58:17,658 Forbidden: /contracts/1/change_status/
WARNING 2021-09-08 13:58:17,663 Forbidden: /contracts/1/change_status/
WARNING 2021-09-08 13:58:17,675 Forbidden: /contracts/1/change_status/
WARNING 2021-09-08 13:58:17,678 Unauthorized: /contracts/1/change_status/
WARNING 2021-09-08 13:58:17,680 Unauthorized: /contracts/1/change_status/
WARNING 2021-09-08 13:58:17,682 Unauthorized: /contracts/1/
WARNING 2021-09-08 13:58:17,684 Unauthorized: /contracts/1/
WARNING 2021-09-08 13:58:17,765 Forbidden: /events/
WARNING 2021-09-08 13:58:17,775 Forbidden: /events/
WARNING 2021-09-08 13:58:17,778 Unauthorized: /events/
WARNING 2021-09-08 13:58:17,786 Bad Request: /events/
WARNING 2021-09-08 13:58:17,789 Unauthorized: /events/
WARNING 2021-09-08 13:58:17,836 Unauthorized: /events/
WARNING 2021-09-08 13:58:17,852 Unauthorized: /events/
WARNING 2021-09-08 13:58:17,864 Forbidden: /events/1/
WARNING 2021-09-08 13:58:17,876 Forbidden: /events/1/
WARNING 2021-09-08 13:58:17,879 Forbidden: /events/1/
WARNING 2021-09-08 13:58:17,883 Unauthorized: /events/1/
WARNING 2021-09-08 13:58:17,890 Bad Request: /events/1/
WARNING 2021-09-08 13:58:17,892 Unauthorized: /events/1/
WARNING 2021-09-08 13:59:50,889 Unauthorized: /events/4/
WARNING 2021-09-08 13:59:50,889 "PATCH /events/4/ HTTP/1.1" 401 58
WARNING 2021-09-08 13:59:57,179 Forbidden: /events/4/
WARNING 2021-09-08 13:59:57,179 "PATCH /events/4/ HTTP/1.1" 403 83
WARNING 2021-09-08 14:03:18,422 Forbidden: /users/
WARNING 2021-09-08 14:03:18,427 Forbidden: /users/
WARNING 2021-09-08 14:03:18,434 Unauthorized: /users/
WARNING 2021-09-08 14:03:18,436 Unauthorized: /users/
WARNING 2021-09-08 14:03:18,449 Forbidden: /users/2/
WARNING 2021-09-08 14:03:18,452 Forbidden: /users/2/
WARNING 2021-09-08 14:03:18,454 Unauthorized: /users/2/
WARNING 2021-09-08 14:03:18,456 Unauthorized: /users/2/
WARNING 2021-09-08 14:03:18,569 Unauthorized: /login/
WARNING 2021-09-08 14:03:18,576 Forbidden: /users/
WARNING 2021-09-08 14:03:18,579 Forbidden: /users/
WARNING 2021-09-08 14:03:18,580 Unauthorized: /users/
WARNING 2021-09-08 14:03:18,590 Unauthorized: /users/
WARNING 2021-09-08 14:03:18,597 Forbidden: /users/2/
WARNING 2021-09-08 14:03:18,600 Forbidden: /users/2/
WARNING 2021-09-08 14:03:18,602 Unauthorized: /users/2/
WARNING 2021-09-08 14:03:18,604 Unauthorized: /users/2/
WARNING 2021-09-08 14:03:18,858 Forbidden: /clients/
WARNING 2021-09-08 14:03:18,867 Forbidden: /clients/
WARNING 2021-09-08 14:03:18,869 Unauthorized: /clients/
WARNING 2021-09-08 14:03:18,874 Bad Request: /clients/
WARNING 2021-09-08 14:03:18,876 Unauthorized: /clients/
WARNING 2021-09-08 14:03:18,893 Unauthorized: /clients/
WARNING 2021-09-08 14:03:18,902 Unauthorized: /clients/
WARNING 2021-09-08 14:03:18,912 Forbidden: /clients/1/
WARNING 2021-09-08 14:03:18,924 Forbidden: /clients/1/
WARNING 2021-09-08 14:03:18,928 Bad Request: /clients/3/change_status/
WARNING 2021-09-08 14:03:18,931 Forbidden: /clients/1/change_status/
WARNING 2021-09-08 14:03:18,935 Forbidden: /clients/1/change_status/
WARNING 2021-09-08 14:03:18,944 Forbidden: /clients/1/change_status/
WARNING 2021-09-08 14:03:18,946 Unauthorized: /clients/1/change_status/
WARNING 2021-09-08 14:03:18,947 Unauthorized: /clients/1/change_status/
WARNING 2021-09-08 14:03:18,949 Unauthorized: /clients/1/
WARNING 2021-09-08 14:03:18,956 Bad Request: /clients/1/
WARNING 2021-09-08 14:03:18,958 Unauthorized: /clients/1/
WARNING 2021-09-08 14:03:19,033 Forbidden: /contracts/
WARNING 2021-09-08 14:03:19,042 Forbidden: /contracts/
WARNING 2021-09-08 14:03:19,044 Unauthorized: /contracts/
WARNING 2021-09-08 14:03:19,046 Unauthorized: /contracts/
WARNING 2021-09-08 14:03:19,072 Unauthorized: /contracts/1/events/
WARNING 2021-09-08 14:03:19,074 Unauthorized: /contracts/1/events/
WARNING 2021-09-08 14:03:19,100 Unauthorized: /contracts/
WARNING 2021-09-08 14:03:19,107 Unauthorized: /contracts/
WARNING 2021-09-08 14:03:19,117 Forbidden: /contracts/1/
WARNING 2021-09-08 14:03:19,127 Forbidden: /contracts/1/
WARNING 2021-09-08 14:03:19,134 Bad Request: /contracts/3/change_status/
WARNING 2021-09-08 14:03:19,137 Forbidden: /contracts/1/change_status/
WARNING 2021-09-08 14:03:19,142 Forbidden: /contracts/1/change_status/
WARNING 2021-09-08 14:03:19,151 Forbidden: /contracts/1/change_status/
WARNING 2021-09-08 14:03:19,153 Unauthorized: /contracts/1/change_status/
WARNING 2021-09-08 14:03:19,155 Unauthorized: /contracts/1/change_status/
WARNING 2021-09-08 14:03:19,157 Unauthorized: /contracts/1/
WARNING 2021-09-08 14:03:19,158 Unauthorized: /contracts/1/
WARNING 2021-09-08 14:03:19,228 Forbidden: /events/
WARNING 2021-09-08 14:03:19,236 Forbidden: /events/
WARNING 2021-09-08 14:03:19,238 Unauthorized: /events/
WARNING 2021-09-08 14:03:19,244 Bad Request: /events/
WARNING 2021-09-08 14:03:19,245 Unauthorized: /events/
WARNING 2021-09-08 14:03:19,288 Unauthorized: /events/
WARNING 2021-09-08 14:03:19,301 Unauthorized: /events/
WARNING 2021-09-08 14:03:19,314 Forbidden: /events/1/
WARNING 2021-09-08 14:03:19,328 Forbidden: /events/1/
WARNING 2021-09-08 14:03:19,338 Unauthorized: /events/1/
WARNING 2021-09-08 14:03:19,343 Bad Request: /events/1/
WARNING 2021-09-08 14:03:19,344 Unauthorized: /events/1/
WARNING 2021-09-08 14:03:56,360 Unauthorized: /clients/
WARNING 2021-09-08 14:03:56,361 "GET /clients/?search=Clien HTTP/1.1" 401 183
WARNING 2021-09-08 14:05:21,223 Unauthorized: /users/
WARNING 2021-09-08 14:05:21,224 "GET /users/ HTTP/1.1" 401 183
WARNING 2021-09-08 14:05:25,151 Forbidden: /users/
WARNING 2021-09-08 14:05:25,152 "GET /users/ HTTP/1.1" 403 68
WARNING 2021-09-08 14:06:47,131 Unauthorized: /users/1/
WARNING 2021-09-08 14:06:47,131 "DELETE /users/1/ HTTP/1.1" 401 183
WARNING 2021-09-08 14:08:15,790 Forbidden: /users/
WARNING 2021-09-08 14:08:15,794 Forbidden: /users/
WARNING 2021-09-08 14:08:15,804 Unauthorized: /users/
WARNING 2021-09-08 14:08:15,806 Unauthorized: /users/
WARNING 2021-09-08 14:08:15,819 Forbidden: /users/2/
WARNING 2021-09-08 14:08:15,823 Forbidden: /users/2/
WARNING 2021-09-08 14:08:15,825 Unauthorized: /users/2/
WARNING 2021-09-08 14:08:15,826 Unauthorized: /users/2/
WARNING 2021-09-08 14:08:15,944 Unauthorized: /login/
WARNING 2021-09-08 14:08:15,952 Forbidden: /users/
WARNING 2021-09-08 14:08:15,956 Forbidden: /users/
WARNING 2021-09-08 14:08:15,958 Unauthorized: /users/
WARNING 2021-09-08 14:08:15,970 Unauthorized: /users/
WARNING 2021-09-08 14:08:15,981 Forbidden: /users/2/
WARNING 2021-09-08 14:08:15,984 Forbidden: /users/2/
WARNING 2021-09-08 14:08:15,986 Unauthorized: /users/2/
WARNING 2021-09-08 14:08:15,988 Unauthorized: /users/2/
WARNING 2021-09-08 14:08:16,261 Forbidden: /clients/
WARNING 2021-09-08 14:08:16,274 Forbidden: /clients/
WARNING 2021-09-08 14:08:16,276 Unauthorized: /clients/
WARNING 2021-09-08 14:08:16,283 Bad Request: /clients/
WARNING 2021-09-08 14:08:16,286 Unauthorized: /clients/
WARNING 2021-09-08 14:08:16,305 Unauthorized: /clients/
WARNING 2021-09-08 14:08:16,317 Unauthorized: /clients/
WARNING 2021-09-08 14:08:16,331 Forbidden: /clients/1/
WARNING 2021-09-08 14:08:16,343 Forbidden: /clients/1/
WARNING 2021-09-08 14:08:16,347 Bad Request: /clients/3/change_status/
WARNING 2021-09-08 14:08:16,352 Forbidden: /clients/1/change_status/
WARNING 2021-09-08 14:08:16,357 Forbidden: /clients/1/change_status/
WARNING 2021-09-08 14:08:16,366 Forbidden: /clients/1/change_status/
WARNING 2021-09-08 14:08:16,368 Unauthorized: /clients/1/change_status/
WARNING 2021-09-08 14:08:16,369 Unauthorized: /clients/1/change_status/
WARNING 2021-09-08 14:08:16,372 Unauthorized: /clients/1/
WARNING 2021-09-08 14:08:16,380 Bad Request: /clients/1/
WARNING 2021-09-08 14:08:16,382 Unauthorized: /clients/1/
WARNING 2021-09-08 14:08:16,472 Forbidden: /contracts/
WARNING 2021-09-08 14:08:16,481 Forbidden: /contracts/
WARNING 2021-09-08 14:08:16,483 Unauthorized: /contracts/
WARNING 2021-09-08 14:08:16,484 Unauthorized: /contracts/
WARNING 2021-09-08 14:08:16,511 Unauthorized: /contracts/1/events/
WARNING 2021-09-08 14:08:16,512 Unauthorized: /contracts/1/events/
WARNING 2021-09-08 14:08:16,544 Unauthorized: /contracts/
WARNING 2021-09-08 14:08:16,551 Unauthorized: /contracts/
WARNING 2021-09-08 14:08:16,562 Forbidden: /contracts/1/
WARNING 2021-09-08 14:08:16,574 Forbidden: /contracts/1/
WARNING 2021-09-08 14:08:16,580 Bad Request: /contracts/3/change_status/
WARNING 2021-09-08 14:08:16,582 Forbidden: /contracts/1/change_status/
WARNING 2021-09-08 14:08:16,587 Forbidden: /contracts/1/change_status/
WARNING 2021-09-08 14:08:16,599 Forbidden: /contracts/1/change_status/
WARNING 2021-09-08 14:08:16,602 Unauthorized: /contracts/1/change_status/
WARNING 2021-09-08 14:08:16,605 Unauthorized: /contracts/1/change_status/
WARNING 2021-09-08 14:08:16,607 Unauthorized: /contracts/1/
WARNING 2021-09-08 14:08:16,609 Unauthorized: /contracts/1/
WARNING 2021-09-08 14:08:16,719 Forbidden: /events/
WARNING 2021-09-08 14:08:16,734 Forbidden: /events/
WARNING 2021-09-08 14:08:16,739 Unauthorized: /events/
WARNING 2021-09-08 14:08:16,749 Bad Request: /events/
WARNING 2021-09-08 14:08:16,751 Unauthorized: /events/
WARNING 2021-09-08 14:08:16,797 Unauthorized: /events/
WARNING 2021-09-08 14:08:16,813 Unauthorized: /events/
WARNING 2021-09-08 14:08:16,831 Forbidden: /events/1/
WARNING 2021-09-08 14:08:16,848 Forbidden: /events/1/
WARNING 2021-09-08 14:08:16,864 Unauthorized: /events/1/
WARNING 2021-09-08 14:08:16,869 Bad Request: /events/1/
WARNING 2021-09-08 14:08:16,871 Unauthorized: /events/1/
WARNING 2021-09-09 11:50:37,550 Forbidden: /users/
WARNING 2021-09-09 11:50:37,552 Forbidden: /users/
WARNING 2021-09-09 11:50:37,758 Unauthorized: /users/
WARNING 2021-09-09 11:50:37,761 Unauthorized: /users/
WARNING 2021-09-09 11:50:37,774 Forbidden: /users/2/
WARNING 2021-09-09 11:50:37,778 Forbidden: /users/2/
WARNING 2021-09-09 11:50:37,780 Unauthorized: /users/2/
WARNING 2021-09-09 11:50:37,781 Unauthorized: /users/2/
WARNING 2021-09-09 11:50:37,898 Unauthorized: /login/
WARNING 2021-09-09 11:50:37,906 Forbidden: /users/
WARNING 2021-09-09 11:50:37,909 Forbidden: /users/
WARNING 2021-09-09 11:50:37,911 Unauthorized: /users/
WARNING 2021-09-09 11:50:37,921 Unauthorized: /users/
WARNING 2021-09-09 11:50:37,932 Forbidden: /users/2/
WARNING 2021-09-09 11:50:37,934 Forbidden: /users/2/
WARNING 2021-09-09 11:50:37,936 Unauthorized: /users/2/
WARNING 2021-09-09 11:50:37,938 Unauthorized: /users/2/
WARNING 2021-09-09 11:50:38,192 Forbidden: /clients/
WARNING 2021-09-09 11:50:38,201 Forbidden: /clients/
WARNING 2021-09-09 11:50:38,203 Unauthorized: /clients/
WARNING 2021-09-09 11:50:38,208 Bad Request: /clients/
WARNING 2021-09-09 11:50:38,210 Unauthorized: /clients/
WARNING 2021-09-09 11:50:38,226 Unauthorized: /clients/
WARNING 2021-09-09 11:50:38,234 Unauthorized: /clients/
WARNING 2021-09-09 11:50:38,245 Forbidden: /clients/1/
WARNING 2021-09-09 11:50:38,256 Forbidden: /clients/1/
WARNING 2021-09-09 11:50:38,260 Bad Request: /clients/3/change_status/
WARNING 2021-09-09 11:50:38,264 Forbidden: /clients/1/change_status/
WARNING 2021-09-09 11:50:38,268 Forbidden: /clients/1/change_status/
WARNING 2021-09-09 11:50:38,278 Forbidden: /clients/1/change_status/
WARNING 2021-09-09 11:50:38,280 Unauthorized: /clients/1/change_status/
WARNING 2021-09-09 11:50:38,282 Unauthorized: /clients/1/change_status/
WARNING 2021-09-09 11:50:38,284 Unauthorized: /clients/1/
WARNING 2021-09-09 11:50:38,289 Bad Request: /clients/1/
WARNING 2021-09-09 11:50:38,291 Unauthorized: /clients/1/
WARNING 2021-09-09 11:50:38,368 Forbidden: /contracts/
WARNING 2021-09-09 11:50:38,376 Forbidden: /contracts/
WARNING 2021-09-09 11:50:38,378 Unauthorized: /contracts/
WARNING 2021-09-09 11:50:38,379 Unauthorized: /contracts/
WARNING 2021-09-09 11:50:38,404 Unauthorized: /contracts/1/events/
WARNING 2021-09-09 11:50:38,406 Unauthorized: /contracts/1/events/
WARNING 2021-09-09 11:50:38,432 Unauthorized: /contracts/
WARNING 2021-09-09 11:50:38,438 Unauthorized: /contracts/
WARNING 2021-09-09 11:50:38,447 Forbidden: /contracts/1/
WARNING 2021-09-09 11:50:38,459 Forbidden: /contracts/1/
WARNING 2021-09-09 11:50:38,464 Bad Request: /contracts/3/change_status/
WARNING 2021-09-09 11:50:38,467 Forbidden: /contracts/1/change_status/
WARNING 2021-09-09 11:50:38,471 Forbidden: /contracts/1/change_status/
WARNING 2021-09-09 11:50:38,482 Forbidden: /contracts/1/change_status/
WARNING 2021-09-09 11:50:38,484 Unauthorized: /contracts/1/change_status/
WARNING 2021-09-09 11:50:38,486 Unauthorized: /contracts/1/change_status/
WARNING 2021-09-09 11:50:38,488 Unauthorized: /contracts/1/
WARNING 2021-09-09 11:50:38,490 Unauthorized: /contracts/1/
WARNING 2021-09-09 11:50:38,563 Forbidden: /events/
WARNING 2021-09-09 11:50:38,572 Forbidden: /events/
WARNING 2021-09-09 11:50:38,574 Unauthorized: /events/
WARNING 2021-09-09 11:50:38,581 Bad Request: /events/
WARNING 2021-09-09 11:50:38,583 Unauthorized: /events/
WARNING 2021-09-09 11:50:38,622 Unauthorized: /events/
WARNING 2021-09-09 11:50:38,636 Unauthorized: /events/
WARNING 2021-09-09 11:50:38,648 Forbidden: /events/1/
WARNING 2021-09-09 11:50:38,660 Forbidden: /events/1/
WARNING 2021-09-09 11:50:38,671 Unauthorized: /events/1/
WARNING 2021-09-09 11:50:38,677 Bad Request: /events/1/
WARNING 2021-09-09 11:50:38,679 Unauthorized: /events/1/
WARNING 2021-09-09 12:26:54,065 Not Found: /favicon.ico
WARNING 2021-09-09 12:26:54,066 "GET /favicon.ico HTTP/1.1" 404 6271
WARNING 2021-09-12 16:50:01,138 Forbidden: /users/
WARNING 2021-09-12 16:50:01,166 Forbidden: /users/
WARNING 2021-09-12 16:50:01,339 Unauthorized: /users/
WARNING 2021-09-12 16:50:01,341 Unauthorized: /users/
WARNING 2021-09-12 16:50:01,353 Forbidden: /users/2/
WARNING 2021-09-12 16:50:01,356 Forbidden: /users/2/
WARNING 2021-09-12 16:50:01,357 Unauthorized: /users/2/
WARNING 2021-09-12 16:50:01,359 Unauthorized: /users/2/
WARNING 2021-09-12 16:50:01,476 Unauthorized: /login/
WARNING 2021-09-12 16:50:01,483 Forbidden: /users/
WARNING 2021-09-12 16:50:01,485 Forbidden: /users/1/
WARNING 2021-09-12 16:50:01,487 Unauthorized: /users/
WARNING 2021-09-12 16:50:01,498 Unauthorized: /users/
WARNING 2021-09-12 16:50:01,506 Forbidden: /users/2/
WARNING 2021-09-12 16:50:01,509 Forbidden: /users/2/
WARNING 2021-09-12 16:50:01,511 Unauthorized: /users/2/
WARNING 2021-09-12 16:50:01,512 Unauthorized: /users/2/
WARNING 2021-09-12 16:50:01,518 Forbidden: /users/1/
WARNING 2021-09-12 16:50:01,520 Unauthorized: /users/1/
WARNING 2021-09-12 16:50:01,522 Unauthorized: /users/1/
WARNING 2021-09-12 16:50:01,788 Forbidden: /clients/
WARNING 2021-09-12 16:50:01,797 Forbidden: /clients/
WARNING 2021-09-12 16:50:01,799 Unauthorized: /clients/
WARNING 2021-09-12 16:50:01,804 Bad Request: /clients/
WARNING 2021-09-12 16:50:01,806 Unauthorized: /clients/
WARNING 2021-09-12 16:50:01,822 Unauthorized: /clients/
WARNING 2021-09-12 16:50:01,832 Unauthorized: /clients/
WARNING 2021-09-12 16:50:01,843 Forbidden: /clients/1/
WARNING 2021-09-12 16:50:01,852 Forbidden: /clients/1/
WARNING 2021-09-12 16:50:01,857 Bad Request: /clients/3/change_status/
WARNING 2021-09-12 16:50:01,860 Forbidden: /clients/1/change_status/
WARNING 2021-09-12 16:50:01,864 Forbidden: /clients/1/change_status/
WARNING 2021-09-12 16:50:01,873 Forbidden: /clients/1/change_status/
WARNING 2021-09-12 16:50:01,876 Unauthorized: /clients/1/change_status/
WARNING 2021-09-12 16:50:01,878 Unauthorized: /clients/1/change_status/
WARNING 2021-09-12 16:50:01,880 Unauthorized: /clients/1/
WARNING 2021-09-12 16:50:01,886 Bad Request: /clients/1/
WARNING 2021-09-12 16:50:01,888 Unauthorized: /clients/1/
WARNING 2021-09-12 16:50:01,965 Forbidden: /contracts/
WARNING 2021-09-12 16:50:01,973 Forbidden: /contracts/
WARNING 2021-09-12 16:50:01,976 Unauthorized: /contracts/
WARNING 2021-09-12 16:50:01,977 Unauthorized: /contracts/
WARNING 2021-09-12 16:50:02,025 Unauthorized: /contracts/1/events/
WARNING 2021-09-12 16:50:02,027 Unauthorized: /contracts/1/events/
WARNING 2021-09-12 16:50:02,032 Unauthorized: /contracts/
WARNING 2021-09-12 16:50:02,038 Unauthorized: /contracts/
WARNING 2021-09-12 16:50:02,046 Forbidden: /contracts/1/
WARNING 2021-09-12 16:50:02,056 Forbidden: /contracts/1/
WARNING 2021-09-12 16:50:02,060 Forbidden: /contracts/1/change_status/
WARNING 2021-09-12 16:50:02,065 Bad Request: /contracts/3/change_status/
WARNING 2021-09-12 16:50:02,069 Forbidden: /contracts/1/change_status/
WARNING 2021-09-12 16:50:02,077 Forbidden: /contracts/1/change_status/
WARNING 2021-09-12 16:50:02,079 Unauthorized: /contracts/1/change_status/
WARNING 2021-09-12 16:50:02,080 Unauthorized: /contracts/1/change_status/
WARNING 2021-09-12 16:50:02,082 Unauthorized: /contracts/1/
WARNING 2021-09-12 16:50:02,083 Unauthorized: /contracts/1/
WARNING 2021-09-12 16:50:02,152 Forbidden: /events/
WARNING 2021-09-12 16:50:02,161 Forbidden: /events/
WARNING 2021-09-12 16:50:02,163 Unauthorized: /events/
WARNING 2021-09-12 16:50:02,168 Bad Request: /events/
WARNING 2021-09-12 16:50:02,169 Unauthorized: /events/
WARNING 2021-09-12 16:50:02,213 Unauthorized: /events/
WARNING 2021-09-12 16:50:02,226 Unauthorized: /events/
WARNING 2021-09-12 16:50:02,236 Forbidden: /events/1/
WARNING 2021-09-12 16:50:02,250 Forbidden: /events/1/
WARNING 2021-09-12 16:50:02,260 Unauthorized: /events/1/
WARNING 2021-09-12 16:50:02,264 Bad Request: /events/1/
WARNING 2021-09-12 16:50:02,266 Unauthorized: /events/1/
WARNING 2021-09-12 16:52:35,240 Forbidden: /users/
WARNING 2021-09-12 16:52:35,244 Forbidden: /users/
WARNING 2021-09-12 16:52:35,251 Unauthorized: /users/
WARNING 2021-09-12 16:52:35,253 Unauthorized: /users/
WARNING 2021-09-12 16:52:35,267 Forbidden: /users/2/
WARNING 2021-09-12 16:52:35,270 Forbidden: /users/2/
WARNING 2021-09-12 16:52:35,272 Unauthorized: /users/2/
WARNING 2021-09-12 16:52:35,274 Unauthorized: /users/2/
WARNING 2021-09-12 16:52:35,390 Unauthorized: /login/
WARNING 2021-09-12 16:52:35,397 Forbidden: /users/
WARNING 2021-09-12 16:52:35,400 Forbidden: /users/
WARNING 2021-09-12 16:52:35,402 Unauthorized: /users/
WARNING 2021-09-12 16:52:35,411 Unauthorized: /users/
WARNING 2021-09-12 16:52:35,419 Forbidden: /users/2/
WARNING 2021-09-12 16:52:35,422 Forbidden: /users/2/
WARNING 2021-09-12 16:52:35,425 Unauthorized: /users/2/
WARNING 2021-09-12 16:52:35,427 Unauthorized: /users/2/
WARNING 2021-09-12 16:52:35,434 Forbidden: /users/1/
WARNING 2021-09-12 16:52:35,437 Forbidden: /users/1/
WARNING 2021-09-12 16:52:35,439 Unauthorized: /users/1/
WARNING 2021-09-12 16:52:35,441 Unauthorized: /users/1/
WARNING 2021-09-12 16:52:35,674 Forbidden: /clients/
WARNING 2021-09-12 16:52:35,683 Forbidden: /clients/
WARNING 2021-09-12 16:52:35,685 Unauthorized: /clients/
WARNING 2021-09-12 16:52:35,690 Bad Request: /clients/
WARNING 2021-09-12 16:52:35,692 Unauthorized: /clients/
WARNING 2021-09-12 16:52:35,710 Unauthorized: /clients/
WARNING 2021-09-12 16:52:35,720 Unauthorized: /clients/
WARNING 2021-09-12 16:52:35,729 Forbidden: /clients/1/
WARNING 2021-09-12 16:52:35,738 Forbidden: /clients/1/
WARNING 2021-09-12 16:52:35,742 Bad Request: /clients/3/change_status/
WARNING 2021-09-12 16:52:35,747 Forbidden: /clients/1/change_status/
WARNING 2021-09-12 16:52:35,750 Forbidden: /clients/1/change_status/
WARNING 2021-09-12 16:52:35,759 Forbidden: /clients/1/change_status/
WARNING 2021-09-12 16:52:35,761 Unauthorized: /clients/1/change_status/
WARNING 2021-09-12 16:52:35,763 Unauthorized: /clients/1/change_status/
WARNING 2021-09-12 16:52:35,765 Unauthorized: /clients/1/
WARNING 2021-09-12 16:52:35,772 Bad Request: /clients/1/
WARNING 2021-09-12 16:52:35,774 Unauthorized: /clients/1/
WARNING 2021-09-12 16:52:35,848 Forbidden: /contracts/
WARNING 2021-09-12 16:52:35,857 Forbidden: /contracts/
WARNING 2021-09-12 16:52:35,859 Unauthorized: /contracts/
WARNING 2021-09-12 16:52:35,861 Unauthorized: /contracts/
WARNING 2021-09-12 16:52:35,904 Unauthorized: /contracts/1/events/
WARNING 2021-09-12 16:52:35,905 Unauthorized: /contracts/1/events/
WARNING 2021-09-12 16:52:35,911 Unauthorized: /contracts/
WARNING 2021-09-12 16:52:35,917 Unauthorized: /contracts/
WARNING 2021-09-12 16:52:35,928 Forbidden: /contracts/1/
WARNING 2021-09-12 16:52:35,937 Forbidden: /contracts/1/
WARNING 2021-09-12 16:52:35,940 Forbidden: /contracts/1/change_status/
WARNING 2021-09-12 16:52:35,945 Bad Request: /contracts/3/change_status/
WARNING 2021-09-12 16:52:35,950 Forbidden: /contracts/1/change_status/
WARNING 2021-09-12 16:52:35,959 Forbidden: /contracts/1/change_status/
WARNING 2021-09-12 16:52:35,961 Unauthorized: /contracts/1/change_status/
WARNING 2021-09-12 16:52:35,963 Unauthorized: /contracts/1/change_status/
WARNING 2021-09-12 16:52:35,965 Unauthorized: /contracts/1/
WARNING 2021-09-12 16:52:35,967 Unauthorized: /contracts/1/
WARNING 2021-09-12 16:52:36,038 Forbidden: /events/
WARNING 2021-09-12 16:52:36,049 Forbidden: /events/
WARNING 2021-09-12 16:52:36,051 Unauthorized: /events/
WARNING 2021-09-12 16:52:36,056 Bad Request: /events/
WARNING 2021-09-12 16:52:36,058 Unauthorized: /events/
WARNING 2021-09-12 16:52:36,099 Unauthorized: /events/
WARNING 2021-09-12 16:52:36,114 Unauthorized: /events/
WARNING 2021-09-12 16:52:36,126 Forbidden: /events/1/
WARNING 2021-09-12 16:52:36,141 Forbidden: /events/1/
WARNING 2021-09-12 16:52:36,152 Unauthorized: /events/1/
WARNING 2021-09-12 16:52:36,157 Bad Request: /events/1/
WARNING 2021-09-12 16:52:36,159 Unauthorized: /events/1/
WARNING 2021-09-12 17:30:40,518 Forbidden: /users/
WARNING 2021-09-12 17:30:40,522 Forbidden: /users/
WARNING 2021-09-12 17:30:40,528 Unauthorized: /users/
WARNING 2021-09-12 17:30:40,530 Unauthorized: /users/
WARNING 2021-09-12 17:30:40,543 Forbidden: /users/2/
WARNING 2021-09-12 17:30:40,545 Forbidden: /users/2/
WARNING 2021-09-12 17:30:40,547 Unauthorized: /users/2/
WARNING 2021-09-12 17:30:40,548 Unauthorized: /users/2/
WARNING 2021-09-12 17:30:40,665 Unauthorized: /login/
WARNING 2021-09-12 17:30:40,673 Forbidden: /users/
WARNING 2021-09-12 17:30:40,676 Forbidden: /users/
WARNING 2021-09-12 17:30:40,678 Unauthorized: /users/
WARNING 2021-09-12 17:30:40,688 Unauthorized: /users/
WARNING 2021-09-12 17:30:40,697 Forbidden: /users/2/
WARNING 2021-09-12 17:30:40,700 Forbidden: /users/2/
WARNING 2021-09-12 17:30:40,702 Unauthorized: /users/2/
WARNING 2021-09-12 17:30:40,703 Unauthorized: /users/2/
WARNING 2021-09-12 17:30:40,710 Forbidden: /users/1/
WARNING 2021-09-12 17:30:40,714 Forbidden: /users/1/
WARNING 2021-09-12 17:30:40,716 Unauthorized: /users/1/
WARNING 2021-09-12 17:30:40,717 Unauthorized: /users/1/
WARNING 2021-09-12 17:30:40,952 Forbidden: /clients/
WARNING 2021-09-12 17:30:40,961 Forbidden: /clients/
WARNING 2021-09-12 17:30:40,963 Unauthorized: /clients/
WARNING 2021-09-12 17:30:40,968 Bad Request: /clients/
WARNING 2021-09-12 17:30:40,970 Unauthorized: /clients/
WARNING 2021-09-12 17:30:40,985 Unauthorized: /clients/
WARNING 2021-09-12 17:30:40,994 Unauthorized: /clients/
WARNING 2021-09-12 17:30:41,003 Forbidden: /clients/1/
WARNING 2021-09-12 17:30:41,013 Forbidden: /clients/1/
WARNING 2021-09-12 17:30:41,018 Bad Request: /clients/3/change_status/
WARNING 2021-09-12 17:30:41,022 Forbidden: /clients/1/change_status/
WARNING 2021-09-12 17:30:41,025 Forbidden: /clients/1/change_status/
WARNING 2021-09-12 17:30:41,033 Forbidden: /clients/1/change_status/
WARNING 2021-09-12 17:30:41,035 Unauthorized: /clients/1/change_status/
WARNING 2021-09-12 17:30:41,037 Unauthorized: /clients/1/change_status/
WARNING 2021-09-12 17:30:41,039 Unauthorized: /clients/1/
WARNING 2021-09-12 17:30:41,044 Bad Request: /clients/1/
WARNING 2021-09-12 17:30:41,046 Unauthorized: /clients/1/
WARNING 2021-09-12 17:30:41,120 Forbidden: /contracts/
WARNING 2021-09-12 17:30:41,127 Forbidden: /contracts/
WARNING 2021-09-12 17:30:41,130 Unauthorized: /contracts/
WARNING 2021-09-12 17:30:41,131 Unauthorized: /contracts/
WARNING 2021-09-12 17:30:41,173 Unauthorized: /contracts/1/events/
WARNING 2021-09-12 17:30:41,175 Unauthorized: /contracts/1/events/
WARNING 2021-09-12 17:30:41,180 Unauthorized: /contracts/
WARNING 2021-09-12 17:30:41,187 Unauthorized: /contracts/
WARNING 2021-09-12 17:30:41,196 Forbidden: /contracts/1/
WARNING 2021-09-12 17:30:41,205 Forbidden: /contracts/1/
WARNING 2021-09-12 17:30:41,209 Forbidden: /contracts/1/change_status/
WARNING 2021-09-12 17:30:41,214 Bad Request: /contracts/3/change_status/
WARNING 2021-09-12 17:30:41,218 Forbidden: /contracts/1/change_status/
WARNING 2021-09-12 17:30:41,226 Forbidden: /contracts/1/change_status/
WARNING 2021-09-12 17:30:41,228 Unauthorized: /contracts/1/change_status/
WARNING 2021-09-12 17:30:41,229 Unauthorized: /contracts/1/change_status/
WARNING 2021-09-12 17:30:41,231 Unauthorized: /contracts/1/
WARNING 2021-09-12 17:30:41,232 Unauthorized: /contracts/1/
WARNING 2021-09-12 17:30:41,302 Forbidden: /events/
WARNING 2021-09-12 17:30:41,310 Forbidden: /events/
WARNING 2021-09-12 17:30:41,312 Unauthorized: /events/
WARNING 2021-09-12 17:30:41,316 Bad Request: /events/
WARNING 2021-09-12 17:30:41,318 Unauthorized: /events/
WARNING 2021-09-12 17:30:41,360 Unauthorized: /events/
WARNING 2021-09-12 17:30:41,373 Unauthorized: /events/
WARNING 2021-09-12 17:30:41,384 Forbidden: /events/1/
WARNING 2021-09-12 17:30:41,397 Forbidden: /events/1/
WARNING 2021-09-12 17:30:41,407 Unauthorized: /events/1/
WARNING 2021-09-12 17:30:41,412 Bad Request: /events/1/
WARNING 2021-09-12 17:30:41,413 Unauthorized: /events/1/
WARNING 2021-09-12 18:57:45,012 Forbidden: /users/
WARNING 2021-09-12 18:57:45,016 Forbidden: /users/
WARNING 2021-09-12 18:57:45,150 Unauthorized: /users/
WARNING 2021-09-12 18:57:45,152 Unauthorized: /users/
WARNING 2021-09-12 18:57:45,164 Forbidden: /users/2/
WARNING 2021-09-12 18:57:45,168 Forbidden: /users/2/
WARNING 2021-09-12 18:57:45,170 Unauthorized: /users/2/
WARNING 2021-09-12 18:57:45,172 Unauthorized: /users/2/
WARNING 2021-09-12 18:57:45,288 Unauthorized: /login/
WARNING 2021-09-12 18:57:45,295 Forbidden: /users/
WARNING 2021-09-12 18:57:45,298 Forbidden: /users/
WARNING 2021-09-12 18:57:45,300 Unauthorized: /users/
WARNING 2021-09-12 18:57:45,311 Unauthorized: /users/
WARNING 2021-09-12 18:57:45,319 Forbidden: /users/2/
WARNING 2021-09-12 18:57:45,322 Forbidden: /users/2/
WARNING 2021-09-12 18:57:45,324 Unauthorized: /users/2/
WARNING 2021-09-12 18:57:45,326 Unauthorized: /users/2/
WARNING 2021-09-12 18:57:45,333 Forbidden: /users/1/
WARNING 2021-09-12 18:57:45,336 Forbidden: /users/1/
WARNING 2021-09-12 18:57:45,338 Unauthorized: /users/1/
WARNING 2021-09-12 18:57:45,339 Unauthorized: /users/1/
WARNING 2021-09-12 18:57:45,578 Forbidden: /clients/
WARNING 2021-09-12 18:57:45,587 Forbidden: /clients/
WARNING 2021-09-12 18:57:45,589 Unauthorized: /clients/
WARNING 2021-09-12 18:57:45,594 Bad Request: /clients/
WARNING 2021-09-12 18:57:45,596 Unauthorized: /clients/
WARNING 2021-09-12 18:57:45,614 Unauthorized: /clients/
WARNING 2021-09-12 18:57:45,623 Unauthorized: /clients/
WARNING 2021-09-12 18:57:45,635 Forbidden: /clients/1/
WARNING 2021-09-12 18:57:45,645 Forbidden: /clients/1/
WARNING 2021-09-12 18:57:45,649 Bad Request: /clients/3/change_status/
WARNING 2021-09-12 18:57:45,652 Forbidden: /clients/1/change_status/
WARNING 2021-09-12 18:57:45,656 Forbidden: /clients/1/change_status/
WARNING 2021-09-12 18:57:45,665 Forbidden: /clients/1/change_status/
WARNING 2021-09-12 18:57:45,666 Unauthorized: /clients/1/change_status/
WARNING 2021-09-12 18:57:45,668 Unauthorized: /clients/1/change_status/
WARNING 2021-09-12 18:57:45,669 Unauthorized: /clients/1/
WARNING 2021-09-12 18:57:45,675 Bad Request: /clients/1/
WARNING 2021-09-12 18:57:45,677 Unauthorized: /clients/1/
WARNING 2021-09-12 18:57:45,689 Unauthorized: /clients/1/
WARNING 2021-09-12 18:57:45,691 Unauthorized: /clients/1/
WARNING 2021-09-12 18:57:45,764 Forbidden: /contracts/
WARNING 2021-09-12 18:57:45,792 Forbidden: /contracts/
WARNING 2021-09-12 18:57:45,794 Unauthorized: /contracts/
WARNING 2021-09-12 18:57:45,796 Unauthorized: /contracts/
WARNING 2021-09-12 18:57:45,820 Unauthorized: /contracts/1/events/
WARNING 2021-09-12 18:57:45,822 Unauthorized: /contracts/1/events/
WARNING 2021-09-12 18:57:45,828 Unauthorized: /contracts/
WARNING 2021-09-12 18:57:45,833 Unauthorized: /contracts/
WARNING 2021-09-12 18:57:45,842 Forbidden: /contracts/1/
WARNING 2021-09-12 18:57:45,853 Forbidden: /contracts/1/
WARNING 2021-09-12 18:57:45,857 Forbidden: /contracts/1/change_status/
WARNING 2021-09-12 18:57:45,861 Bad Request: /contracts/3/change_status/
WARNING 2021-09-12 18:57:45,865 Forbidden: /contracts/1/change_status/
WARNING 2021-09-12 18:57:45,874 Forbidden: /contracts/1/change_status/
WARNING 2021-09-12 18:57:45,876 Unauthorized: /contracts/1/change_status/
WARNING 2021-09-12 18:57:45,878 Unauthorized: /contracts/1/change_status/
WARNING 2021-09-12 18:57:45,880 Unauthorized: /contracts/1/
WARNING 2021-09-12 18:57:45,881 Unauthorized: /contracts/1/
WARNING 2021-09-12 18:57:45,894 Unauthorized: /contracts/1/
WARNING 2021-09-12 18:57:45,896 Unauthorized: /contracts/1/
WARNING 2021-09-12 18:57:45,965 Forbidden: /events/
WARNING 2021-09-12 18:57:45,974 Forbidden: /events/
WARNING 2021-09-12 18:57:45,975 Unauthorized: /events/
WARNING 2021-09-12 18:57:45,981 Bad Request: /events/
WARNING 2021-09-12 18:57:45,983 Unauthorized: /events/
WARNING 2021-09-12 18:57:46,026 Unauthorized: /events/
WARNING 2021-09-12 18:57:46,038 Unauthorized: /events/
WARNING 2021-09-12 18:57:46,049 Forbidden: /events/1/
WARNING 2021-09-12 18:57:46,063 Forbidden: /events/1/
WARNING 2021-09-12 18:57:46,072 Unauthorized: /events/1/
WARNING 2021-09-12 18:57:46,077 Bad Request: /events/1/
WARNING 2021-09-12 18:57:46,079 Unauthorized: /events/1/
WARNING 2021-09-12 19:18:39,231 Unauthorized: /contracts/1/
WARNING 2021-09-12 19:18:39,231 "GET /contracts/1/ HTTP/1.1" 401 58
WARNING 2021-09-12 19:18:47,461 Unauthorized: /contracts/1/
WARNING 2021-09-12 19:18:47,462 "GET /contracts/1/ HTTP/1.1" 401 183
WARNING 2021-09-12 19:42:49,469 Forbidden: /users/
WARNING 2021-09-12 19:42:49,471 Forbidden: /users/
WARNING 2021-09-12 19:42:49,567 Unauthorized: /users/
WARNING 2021-09-12 19:42:49,569 Unauthorized: /users/
WARNING 2021-09-12 19:42:49,581 Forbidden: /users/2/
WARNING 2021-09-12 19:42:49,584 Forbidden: /users/2/
WARNING 2021-09-12 19:42:49,585 Unauthorized: /users/2/
WARNING 2021-09-12 19:42:49,587 Unauthorized: /users/2/
WARNING 2021-09-12 19:42:49,702 Unauthorized: /login/
WARNING 2021-09-12 19:42:49,710 Forbidden: /users/
WARNING 2021-09-12 19:42:49,713 Forbidden: /users/
WARNING 2021-09-12 19:42:49,715 Unauthorized: /users/
WARNING 2021-09-12 19:42:49,726 Unauthorized: /users/
WARNING 2021-09-12 19:42:49,735 Forbidden: /users/2/
WARNING 2021-09-12 19:42:49,738 Forbidden: /users/2/
WARNING 2021-09-12 19:42:49,739 Unauthorized: /users/2/
WARNING 2021-09-12 19:42:49,741 Unauthorized: /users/2/
WARNING 2021-09-12 19:42:49,747 Forbidden: /users/1/
WARNING 2021-09-12 19:42:49,751 Forbidden: /users/1/
WARNING 2021-09-12 19:42:49,752 Unauthorized: /users/1/
WARNING 2021-09-12 19:42:49,754 Unauthorized: /users/1/
WARNING 2021-09-12 19:42:49,998 Forbidden: /clients/
WARNING 2021-09-12 19:42:50,006 Forbidden: /clients/
WARNING 2021-09-12 19:42:50,008 Unauthorized: /clients/
WARNING 2021-09-12 19:42:50,013 Bad Request: /clients/
WARNING 2021-09-12 19:42:50,015 Unauthorized: /clients/
WARNING 2021-09-12 19:42:50,029 Unauthorized: /clients/
WARNING 2021-09-12 19:42:50,040 Unauthorized: /clients/
WARNING 2021-09-12 19:42:50,048 Forbidden: /clients/1/
WARNING 2021-09-12 19:42:50,057 Forbidden: /clients/1/
WARNING 2021-09-12 19:42:50,061 Bad Request: /clients/3/change_status/
WARNING 2021-09-12 19:42:50,064 Forbidden: /clients/1/change_status/
WARNING 2021-09-12 19:42:50,068 Forbidden: /clients/1/change_status/
WARNING 2021-09-12 19:42:50,077 Forbidden: /clients/1/change_status/
WARNING 2021-09-12 19:42:50,079 Unauthorized: /clients/1/change_status/
WARNING 2021-09-12 19:42:50,080 Unauthorized: /clients/1/change_status/
WARNING 2021-09-12 19:42:50,082 Unauthorized: /clients/1/
WARNING 2021-09-12 19:42:50,087 Bad Request: /clients/1/
WARNING 2021-09-12 19:42:50,088 Unauthorized: /clients/1/
WARNING 2021-09-12 19:42:50,099 Unauthorized: /clients/1/
WARNING 2021-09-12 19:42:50,101 Unauthorized: /clients/1/
WARNING 2021-09-12 19:42:50,173 Forbidden: /contracts/
WARNING 2021-09-12 19:42:50,201 Forbidden: /contracts/
WARNING 2021-09-12 19:42:50,204 Unauthorized: /contracts/
WARNING 2021-09-12 19:42:50,205 Unauthorized: /contracts/
WARNING 2021-09-12 19:42:50,229 Unauthorized: /contracts/1/events/
WARNING 2021-09-12 19:42:50,230 Unauthorized: /contracts/1/events/
WARNING 2021-09-12 19:42:50,236 Unauthorized: /contracts/
WARNING 2021-09-12 19:42:50,242 Unauthorized: /contracts/
WARNING 2021-09-12 19:42:50,251 Forbidden: /contracts/1/
WARNING 2021-09-12 19:42:50,262 Forbidden: /contracts/1/
WARNING 2021-09-12 19:42:50,265 Forbidden: /contracts/1/change_status/
WARNING 2021-09-12 19:42:50,270 Bad Request: /contracts/3/change_status/
WARNING 2021-09-12 19:42:50,275 Forbidden: /contracts/1/change_status/
WARNING 2021-09-12 19:42:50,284 Forbidden: /contracts/1/change_status/
WARNING 2021-09-12 19:42:50,286 Unauthorized: /contracts/1/change_status/
WARNING 2021-09-12 19:42:50,288 Unauthorized: /contracts/1/change_status/
WARNING 2021-09-12 19:42:50,290 Unauthorized: /contracts/1/
WARNING 2021-09-12 19:42:50,292 Unauthorized: /contracts/1/
WARNING 2021-09-12 19:42:50,302 Unauthorized: /contracts/1/
WARNING 2021-09-12 19:42:50,304 Unauthorized: /contracts/1/
WARNING 2021-09-12 19:42:50,375 Forbidden: /events/
WARNING 2021-09-12 19:42:50,384 Forbidden: /events/
WARNING 2021-09-12 19:42:50,386 Unauthorized: /events/
WARNING 2021-09-12 19:42:50,391 Bad Request: /events/
WARNING 2021-09-12 19:42:50,393 Unauthorized: /events/
WARNING 2021-09-12 19:42:50,433 Unauthorized: /events/
WARNING 2021-09-12 19:42:50,446 Unauthorized: /events/
WARNING 2021-09-12 19:42:50,457 Forbidden: /events/1/
WARNING 2021-09-12 19:42:50,472 Forbidden: /events/1/
WARNING 2021-09-12 19:42:50,481 Unauthorized: /events/1/
WARNING 2021-09-12 19:42:50,487 Bad Request: /events/1/
WARNING 2021-09-12 19:42:50,489 Unauthorized: /events/1/
WARNING 2021-09-12 20:40:48,811 Forbidden: /users/
WARNING 2021-09-12 20:40:48,814 Forbidden: /users/
WARNING 2021-09-12 20:40:48,918 Unauthorized: /users/
WARNING 2021-09-12 20:40:48,921 Unauthorized: /users/
WARNING 2021-09-12 20:40:48,932 Forbidden: /users/2/
WARNING 2021-09-12 20:40:48,935 Forbidden: /users/2/
WARNING 2021-09-12 20:40:48,938 Unauthorized: /users/2/
WARNING 2021-09-12 20:40:48,939 Unauthorized: /users/2/
WARNING 2021-09-12 20:40:49,060 Unauthorized: /login/
WARNING 2021-09-12 20:40:49,067 Forbidden: /users/
WARNING 2021-09-12 20:40:49,071 Forbidden: /users/
WARNING 2021-09-12 20:40:49,073 Unauthorized: /users/
WARNING 2021-09-12 20:40:49,085 Unauthorized: /users/
WARNING 2021-09-12 20:40:49,096 Forbidden: /users/2/
WARNING 2021-09-12 20:40:49,098 Forbidden: /users/2/
WARNING 2021-09-12 20:40:49,100 Unauthorized: /users/2/
WARNING 2021-09-12 20:40:49,102 Unauthorized: /users/2/
WARNING 2021-09-12 20:40:49,110 Forbidden: /users/1/
WARNING 2021-09-12 20:40:49,112 Forbidden: /users/1/
WARNING 2021-09-12 20:40:49,114 Unauthorized: /users/1/
WARNING 2021-09-12 20:40:49,116 Unauthorized: /users/1/
WARNING 2021-09-12 20:40:49,378 Forbidden: /clients/
WARNING 2021-09-12 20:40:49,396 Forbidden: /clients/
WARNING 2021-09-12 20:40:49,399 Unauthorized: /clients/
WARNING 2021-09-12 20:40:49,409 Bad Request: /clients/
WARNING 2021-09-12 20:40:49,411 Unauthorized: /clients/
WARNING 2021-09-12 20:40:49,427 Unauthorized: /clients/
WARNING 2021-09-12 20:40:49,435 Unauthorized: /clients/
WARNING 2021-09-12 20:40:49,447 Forbidden: /clients/1/
WARNING 2021-09-12 20:40:49,457 Forbidden: /clients/1/
WARNING 2021-09-12 20:40:49,461 Bad Request: /clients/3/change_status/
WARNING 2021-09-12 20:40:49,464 Forbidden: /clients/1/change_status/
WARNING 2021-09-12 20:40:49,469 Forbidden: /clients/1/change_status/
WARNING 2021-09-12 20:40:49,478 Forbidden: /clients/1/change_status/
WARNING 2021-09-12 20:40:49,480 Unauthorized: /clients/1/change_status/
WARNING 2021-09-12 20:40:49,481 Unauthorized: /clients/1/change_status/
WARNING 2021-09-12 20:40:49,483 Unauthorized: /clients/1/
WARNING 2021-09-12 20:40:49,490 Bad Request: /clients/1/
WARNING 2021-09-12 20:40:49,492 Unauthorized: /clients/1/
WARNING 2021-09-12 20:40:49,503 Unauthorized: /clients/1/
WARNING 2021-09-12 20:40:49,505 Unauthorized: /clients/1/
WARNING 2021-09-12 20:40:49,580 Forbidden: /contracts/
WARNING 2021-09-12 20:40:49,609 Forbidden: /contracts/
WARNING 2021-09-12 20:40:49,611 Unauthorized: /contracts/
WARNING 2021-09-12 20:40:49,613 Unauthorized: /contracts/
WARNING 2021-09-12 20:40:49,645 Unauthorized: /contracts/1/events/
WARNING 2021-09-12 20:40:49,648 Unauthorized: /contracts/1/events/
WARNING 2021-09-12 20:40:49,660 Unauthorized: /contracts/
WARNING 2021-09-12 20:40:49,669 Unauthorized: /contracts/
WARNING 2021-09-12 20:40:49,679 Forbidden: /contracts/1/
WARNING 2021-09-12 20:40:49,689 Forbidden: /contracts/1/
WARNING 2021-09-12 20:40:49,692 Forbidden: /contracts/1/change_status/
WARNING 2021-09-12 20:40:49,696 Bad Request: /contracts/3/change_status/
WARNING 2021-09-12 20:40:49,700 Forbidden: /contracts/1/change_status/
WARNING 2021-09-12 20:40:49,710 Forbidden: /contracts/1/change_status/
WARNING 2021-09-12 20:40:49,711 Unauthorized: /contracts/1/change_status/
WARNING 2021-09-12 20:40:49,713 Unauthorized: /contracts/1/change_status/
WARNING 2021-09-12 20:40:49,715 Unauthorized: /contracts/1/
WARNING 2021-09-12 20:40:49,716 Unauthorized: /contracts/1/
WARNING 2021-09-12 20:40:49,730 Unauthorized: /contracts/1/
WARNING 2021-09-12 20:40:49,731 Unauthorized: /contracts/1/
WARNING 2021-09-12 20:40:49,804 Forbidden: /events/
WARNING 2021-09-12 20:40:49,813 Forbidden: /events/
WARNING 2021-09-12 20:40:49,814 Unauthorized: /events/
WARNING 2021-09-12 20:40:49,820 Bad Request: /events/
WARNING 2021-09-12 20:40:49,822 Unauthorized: /events/
WARNING 2021-09-12 20:40:49,865 Unauthorized: /events/
WARNING 2021-09-12 20:40:49,878 Unauthorized: /events/
WARNING 2021-09-12 20:40:49,903 Forbidden: /events/1/
WARNING 2021-09-12 20:40:49,924 Forbidden: /events/1/
WARNING 2021-09-12 20:40:49,933 Unauthorized: /events/1/
WARNING 2021-09-12 20:40:49,940 Bad Request: /events/1/
WARNING 2021-09-12 20:40:49,942 Unauthorized: /events/1/
WARNING 2021-09-12 20:40:49,955 Unauthorized: /events/1/
WARNING 2021-09-12 20:40:49,957 Unauthorized: /events/1/
